<?xml version="1.0" encoding="UTF-8"?>
<!-- Generated by org.testng.reporters.JUnitReportReporter -->
<testsuite skipped="0" hostname="PC-21930" name="com.crm.qa.testcases.HomePageTest" tests="3" failures="0" timestamp="2021-08-18T17:43:16 WEST" time="58.234" errors="0">
  <testcase name="homePageTitleTest" time="15.392" classname="com.crm.qa.testcases.HomePageTest"/>
  <system-out/>
  <testcase name="verifUserNameTest" time="18.782" classname="com.crm.qa.testcases.HomePageTest"/>
  <system-out/>
  <testcase name="verifContactslinkTest" time="24.060" classname="com.crm.qa.testcases.HomePageTest"/>
  <system-out/>
</testsuite> <!-- com.crm.qa.testcases.HomePageTest -->
